This is pdfTeX, Version 3.141592653-2.6-1.40.24 (MiKTeX 21.12.10) (preloaded format=pdflatex 2024.2.13)  28 FEB 2026 14:41
entering extended mode
 restricted \write18 enabled.
 %&-line parsing enabled.
**"./Summary Resume Resumen these .tex"
(Summary Resume Resumen these .tex
LaTeX2e <2023-11-01> patch level 1
L3 programming layer <2024-01-22>

(/Users/cia/Library/Application Support/MiKTeX/texmfs/install/tex/latex/base/ar
ticle.cls
Document Class: article 2023/05/17 v1.4n Standard LaTeX document class

(/Users/cia/Library/Application Support/MiKTeX/texmfs/install/tex/latex/base/si
ze12.clo
File: size12.clo 2023/05/17 v1.4n Standard LaTeX file (size option)
)
\c@part=\count187
\c@section=\count188
\c@subsection=\count189
\c@subsubsection=\count190
\c@paragraph=\count191
\c@subparagraph=\count192
\c@figure=\count193
\c@table=\count194
\abovecaptionskip=\skip48
\belowcaptionskip=\skip49
\bibindent=\dimen140
)
(/Users/cia/Library/Application Support/MiKTeX/texmfs/install/tex/generic/xypic
/xy.sty
(/Users/cia/Library/Application Support/MiKTeX/texmfs/install/tex/generic/xypic
/xy.tex Bootstrap'ing: catcodes, docmode,
(/Users/cia/Library/Application Support/MiKTeX/texmfs/install/tex/generic/xypic
/xyrecat.tex)
(/Users/cia/Library/Application Support/MiKTeX/texmfs/install/tex/generic/xypic
/xyidioms.tex)

 Xy-pic version 3.8.9 <2013/10/06>
 Copyright (c) 1991-2013 by Kristoffer H. Rose <krisrose@tug.org> and others
 Xy-pic is free software: see the User's Guide for details.

Loading kernel: messages; fonts; allocations: state,
\X@c=\dimen141
\Y@c=\dimen142
\U@c=\dimen143
\D@c=\dimen144
\L@c=\dimen145
\R@c=\dimen146
\Edge@c=\toks17
\X@p=\dimen147
\Y@p=\dimen148
\U@p=\dimen149
\D@p=\dimen150
\L@p=\dimen151
\R@p=\dimen152
\Edge@p=\toks18
\X@origin=\dimen153
\Y@origin=\dimen154
\X@xbase=\dimen155
\Y@xbase=\dimen156
\X@ybase=\dimen157
\Y@ybase=\dimen158
\X@min=\dimen159
\Y@min=\dimen160
\X@max=\dimen161
\Y@max=\dimen162
\lastobjectbox@=\box51
\zerodotbox@=\box52
\almostz@=\dimen163
 direction,
\d@X=\dimen164
\d@Y=\dimen165
\K@=\count195
\KK@=\count196
\Direction=\count197
\K@dXdY=\dimen166
\K@dYdX=\dimen167
\xyread@=\read2
\xywrite@=\write3
\csp@=\count198
\quotPTK@=\dimen168

utility macros; pictures: \xy, positions,
\swaptoks@@=\toks19
\connectobjectbox@@=\box53
 objects,
\styletoks@=\toks20
 decorations;
kernel objects: directionals, circles, text; options; algorithms: directions,
edges, connections;  Xy-pic loaded)
(/Users/cia/Library/Application Support/MiKTeX/texmfs/install/tex/generic/iftex
/ifpdf.sty
Package: ifpdf 2019/10/25 v3.4 ifpdf legacy package. Use iftex instead.

(/Users/cia/Library/Application Support/MiKTeX/texmfs/install/tex/generic/iftex
/iftex.sty
Package: iftex 2022/02/03 v1.0f TeX engine tests
))
Package: xy 2013/10/06 Xy-pic version 3.8.9

(/Users/cia/Library/Application Support/MiKTeX/texmfs/install/tex/generic/xypic
/xyall.tex  Xy-pic option: All features v.3.8
(/Users/cia/Library/Application Support/MiKTeX/texmfs/install/tex/generic/xypic
/xycurve.tex  Xy-pic option: Curve and Spline extension v.3.12 curve,
\crv@cnt@=\count199
\crvpts@=\toks21
\splinebox@=\box54
\splineval@=\dimen169
\splinedepth@=\dimen170
\splinetol@=\dimen171
\splinelength@=\dimen172
 circles,
\L@=\dimen173

loaded)
(/Users/cia/Library/Application Support/MiKTeX/texmfs/install/tex/generic/xypic
/xyframe.tex  Xy-pic option: Frame and Bracket extension v.3.14 loaded)
(/Users/cia/Library/Application Support/MiKTeX/texmfs/install/tex/generic/xypic
/xycmtip.tex  Xy-pic option: Computer Modern tip extension v.3.7
(/Users/cia/Library/Application Support/MiKTeX/texmfs/install/tex/generic/xypic
/xytips.tex  Xy-pic option: More Tips extension v.3.11 loaded) loaded)
(/Users/cia/Library/Application Support/MiKTeX/texmfs/install/tex/generic/xypic
/xyline.tex  Xy-pic option: Line styles extension v.3.10
\xylinethick@=\dimen174
 loaded)
(/Users/cia/Library/Application Support/MiKTeX/texmfs/install/tex/generic/xypic
/xyrotate.tex  Xy-pic option: Rotate and Scale extension v.3.8 loaded)
(/Users/cia/Library/Application Support/MiKTeX/texmfs/install/tex/generic/xypic
/xycolor.tex  Xy-pic option: Colour extension v.3.11 loaded)
(/Users/cia/Library/Application Support/MiKTeX/texmfs/install/tex/generic/xypic
/xymatrix.tex  Xy-pic option: Matrix feature v.3.14
\Row=\count266
\Col=\count267
\queue@=\toks22
\queue@@=\toks23
\qcount@=\count268
\qcount@@=\count269
\matrixsize@=\count270
 loaded)
(/Users/cia/Library/Application Support/MiKTeX/texmfs/install/tex/generic/xypic
/xyarrow.tex  Xy-pic option: Arrow and Path feature v.3.9 path, \ar, loaded)
(/Users/cia/Library/Application Support/MiKTeX/texmfs/install/tex/generic/xypic
/xygraph.tex  Xy-pic option: Graph feature v.3.11 loaded) loaded)
(/Users/cia/Library/Application Support/MiKTeX/texmfs/install/tex/generic/xypic
/xypdf.tex  Xy-pic option: PDF driver v.1.7
Xy-pic pdf driver: `color' extension support
(/Users/cia/Library/Application Support/MiKTeX/texmfs/install/tex/generic/xypic
/xypdf-co.tex loaded) Xy-pic pdf driver: `curve' extension support
(/Users/cia/Library/Application Support/MiKTeX/texmfs/install/tex/generic/xypic
/xypdf-cu.tex loaded) Xy-pic pdf driver: `frame' extension support
(/Users/cia/Library/Application Support/MiKTeX/texmfs/install/tex/generic/xypic
/xypdf-fr.tex loaded) Xy-pic pdf driver: `line' extension support
(/Users/cia/Library/Application Support/MiKTeX/texmfs/install/tex/generic/xypic
/xypdf-li.tex loaded) Xy-pic pdf driver: `rotate' extension support
(/Users/cia/Library/Application Support/MiKTeX/texmfs/install/tex/generic/xypic
/xypdf-ro.tex loaded) loaded))
(/Users/cia/Library/Application Support/MiKTeX/texmfs/install/tex/latex/tools/x
space.sty
Package: xspace 2014/10/28 v1.13 Space after command names (DPC,MH)
)
(/Users/cia/Library/Application Support/MiKTeX/texmfs/install/tex/latex/amscls/
amsthm.sty
Package: amsthm 2020/05/29 v2.20.6
\thm@style=\toks24
\thm@bodyfont=\toks25
\thm@headfont=\toks26
\thm@notefont=\toks27
\thm@headpunct=\toks28
\thm@preskip=\skip50
\thm@postskip=\skip51
\thm@headsep=\skip52
\dth@everypar=\toks29
)
(/Users/cia/Library/Application Support/MiKTeX/texmfs/install/tex/latex/pgf/fro
ntendlayer/tikz.sty
(/Users/cia/Library/Application Support/MiKTeX/texmfs/install/tex/latex/pgf/bas
iclayer/pgf.sty
(/Users/cia/Library/Application Support/MiKTeX/texmfs/install/tex/latex/pgf/uti
lities/pgfrcs.sty
(/Users/cia/Library/Application Support/MiKTeX/texmfs/install/tex/generic/pgf/u
tilities/pgfutil-common.tex
\pgfutil@everybye=\toks30
\pgfutil@tempdima=\dimen175
\pgfutil@tempdimb=\dimen176
)
(/Users/cia/Library/Application Support/MiKTeX/texmfs/install/tex/generic/pgf/u
tilities/pgfutil-latex.def
\pgfutil@abb=\box55
)
(/Users/cia/Library/Application Support/MiKTeX/texmfs/install/tex/generic/pgf/u
tilities/pgfrcs.code.tex
(/Users/cia/Library/Application Support/MiKTeX/texmfs/install/tex/generic/pgf/p
gf.revision.tex)
Package: pgfrcs 2023-01-15 v3.1.10 (3.1.10)
))
Package: pgf 2023-01-15 v3.1.10 (3.1.10)

(/Users/cia/Library/Application Support/MiKTeX/texmfs/install/tex/latex/pgf/bas
iclayer/pgfcore.sty
(/Users/cia/Library/Application Support/MiKTeX/texmfs/install/tex/latex/graphic
s/graphicx.sty
Package: graphicx 2021/09/16 v1.2d Enhanced LaTeX Graphics (DPC,SPQR)

(/Users/cia/Library/Application Support/MiKTeX/texmfs/install/tex/latex/graphic
s/keyval.sty
Package: keyval 2022/05/29 v1.15 key=value parser (DPC)
\KV@toks@=\toks31
)
(/Users/cia/Library/Application Support/MiKTeX/texmfs/install/tex/latex/graphic
s/graphics.sty
Package: graphics 2022/03/10 v1.4e Standard LaTeX Graphics (DPC,SPQR)

(/Users/cia/Library/Application Support/MiKTeX/texmfs/install/tex/latex/graphic
s/trig.sty
Package: trig 2021/08/11 v1.11 sin cos tan (DPC)
)
(/Users/cia/Library/Application Support/MiKTeX/texmfs/install/tex/latex/graphic
s-cfg/graphics.cfg
File: graphics.cfg 2016/06/04 v1.11 sample graphics configuration
)
Package graphics Info: Driver file: pdftex.def on input line 107.

(/Users/cia/Library/Application Support/MiKTeX/texmfs/install/tex/latex/graphic
s-def/pdftex.def
File: pdftex.def 2022/09/22 v1.2b Graphics/color driver for pdftex
))
\Gin@req@height=\dimen177
\Gin@req@width=\dimen178
)
(/Users/cia/Library/Application Support/MiKTeX/texmfs/install/tex/latex/pgf/sys
temlayer/pgfsys.sty
(/Users/cia/Library/Application Support/MiKTeX/texmfs/install/tex/generic/pgf/s
ystemlayer/pgfsys.code.tex
Package: pgfsys 2023-01-15 v3.1.10 (3.1.10)

(/Users/cia/Library/Application Support/MiKTeX/texmfs/install/tex/generic/pgf/u
tilities/pgfkeys.code.tex
\pgfkeys@pathtoks=\toks32
\pgfkeys@temptoks=\toks33

(/Users/cia/Library/Application Support/MiKTeX/texmfs/install/tex/generic/pgf/u
tilities/pgfkeyslibraryfiltered.code.tex
\pgfkeys@tmptoks=\toks34
))
\pgf@x=\dimen179
\pgf@y=\dimen180
\pgf@xa=\dimen181
\pgf@ya=\dimen182
\pgf@xb=\dimen183
\pgf@yb=\dimen184
\pgf@xc=\dimen185
\pgf@yc=\dimen186
\pgf@xd=\dimen187
\pgf@yd=\dimen188
\w@pgf@writea=\write4
\r@pgf@reada=\read3
\c@pgf@counta=\count271
\c@pgf@countb=\count272
\c@pgf@countc=\count273
\c@pgf@countd=\count274
\t@pgf@toka=\toks35
\t@pgf@tokb=\toks36
\t@pgf@tokc=\toks37
\pgf@sys@id@count=\count275

(/Users/cia/Library/Application Support/MiKTeX/texmfs/install/tex/generic/pgf/s
ystemlayer/pgf.cfg
File: pgf.cfg 2023-01-15 v3.1.10 (3.1.10)
)
Driver file for pgf: pgfsys-pdftex.def

(/Users/cia/Library/Application Support/MiKTeX/texmfs/install/tex/generic/pgf/s
ystemlayer/pgfsys-pdftex.def
File: pgfsys-pdftex.def 2023-01-15 v3.1.10 (3.1.10)

(/Users/cia/Library/Application Support/MiKTeX/texmfs/install/tex/generic/pgf/s
ystemlayer/pgfsys-common-pdf.def
File: pgfsys-common-pdf.def 2023-01-15 v3.1.10 (3.1.10)
)))
(/Users/cia/Library/Application Support/MiKTeX/texmfs/install/tex/generic/pgf/s
ystemlayer/pgfsyssoftpath.code.tex
File: pgfsyssoftpath.code.tex 2023-01-15 v3.1.10 (3.1.10)
\pgfsyssoftpath@smallbuffer@items=\count276
\pgfsyssoftpath@bigbuffer@items=\count277
)
(/Users/cia/Library/Application Support/MiKTeX/texmfs/install/tex/generic/pgf/s
ystemlayer/pgfsysprotocol.code.tex
File: pgfsysprotocol.code.tex 2023-01-15 v3.1.10 (3.1.10)
))
(/Users/cia/Library/Application Support/MiKTeX/texmfs/install/tex/latex/xcolor/
xcolor.sty
Package: xcolor 2023/11/15 v3.01 LaTeX color extensions (UK)

(/Users/cia/Library/Application Support/MiKTeX/texmfs/install/tex/latex/graphic
s-cfg/color.cfg
File: color.cfg 2016/01/02 v1.6 sample color configuration
)
Package xcolor Info: Driver file: pdftex.def on input line 274.

(/Users/cia/Library/Application Support/MiKTeX/texmfs/install/tex/latex/graphic
s/mathcolor.ltx)
Package xcolor Info: Model `cmy' substituted by `cmy0' on input line 1350.
Package xcolor Info: Model `hsb' substituted by `rgb' on input line 1354.
Package xcolor Info: Model `RGB' extended on input line 1366.
Package xcolor Info: Model `HTML' substituted by `rgb' on input line 1368.
Package xcolor Info: Model `Hsb' substituted by `hsb' on input line 1369.
Package xcolor Info: Model `tHsb' substituted by `hsb' on input line 1370.
Package xcolor Info: Model `HSB' substituted by `hsb' on input line 1371.
Package xcolor Info: Model `Gray' substituted by `gray' on input line 1372.
Package xcolor Info: Model `wave' substituted by `hsb' on input line 1373.
)
(/Users/cia/Library/Application Support/MiKTeX/texmfs/install/tex/generic/pgf/b
asiclayer/pgfcore.code.tex
Package: pgfcore 2023-01-15 v3.1.10 (3.1.10)

(/Users/cia/Library/Application Support/MiKTeX/texmfs/install/tex/generic/pgf/m
ath/pgfmath.code.tex
(/Users/cia/Library/Application Support/MiKTeX/texmfs/install/tex/generic/pgf/m
ath/pgfmathutil.code.tex)
(/Users/cia/Library/Application Support/MiKTeX/texmfs/install/tex/generic/pgf/m
ath/pgfmathparser.code.tex
\pgfmath@dimen=\dimen189
\pgfmath@count=\count278
\pgfmath@box=\box56
\pgfmath@toks=\toks38
\pgfmath@stack@operand=\toks39
\pgfmath@stack@operation=\toks40
)
(/Users/cia/Library/Application Support/MiKTeX/texmfs/install/tex/generic/pgf/m
ath/pgfmathfunctions.code.tex)
(/Users/cia/Library/Application Support/MiKTeX/texmfs/install/tex/generic/pgf/m
ath/pgfmathfunctions.basic.code.tex)
(/Users/cia/Library/Application Support/MiKTeX/texmfs/install/tex/generic/pgf/m
ath/pgfmathfunctions.trigonometric.code.tex)
(/Users/cia/Library/Application Support/MiKTeX/texmfs/install/tex/generic/pgf/m
ath/pgfmathfunctions.random.code.tex)
(/Users/cia/Library/Application Support/MiKTeX/texmfs/install/tex/generic/pgf/m
ath/pgfmathfunctions.comparison.code.tex)
(/Users/cia/Library/Application Support/MiKTeX/texmfs/install/tex/generic/pgf/m
ath/pgfmathfunctions.base.code.tex)
(/Users/cia/Library/Application Support/MiKTeX/texmfs/install/tex/generic/pgf/m
ath/pgfmathfunctions.round.code.tex)
(/Users/cia/Library/Application Support/MiKTeX/texmfs/install/tex/generic/pgf/m
ath/pgfmathfunctions.misc.code.tex)
(/Users/cia/Library/Application Support/MiKTeX/texmfs/install/tex/generic/pgf/m
ath/pgfmathfunctions.integerarithmetics.code.tex)
(/Users/cia/Library/Application Support/MiKTeX/texmfs/install/tex/generic/pgf/m
ath/pgfmathcalc.code.tex)
(/Users/cia/Library/Application Support/MiKTeX/texmfs/install/tex/generic/pgf/m
ath/pgfmathfloat.code.tex
\c@pgfmathroundto@lastzeros=\count279
))
(/Users/cia/Library/Application Support/MiKTeX/texmfs/install/tex/generic/pgf/m
ath/pgfint.code.tex)
(/Users/cia/Library/Application Support/MiKTeX/texmfs/install/tex/generic/pgf/b
asiclayer/pgfcorepoints.code.tex
File: pgfcorepoints.code.tex 2023-01-15 v3.1.10 (3.1.10)
\pgf@picminx=\dimen190
\pgf@picmaxx=\dimen191
\pgf@picminy=\dimen192
\pgf@picmaxy=\dimen193
\pgf@pathminx=\dimen194
\pgf@pathmaxx=\dimen195
\pgf@pathminy=\dimen196
\pgf@pathmaxy=\dimen197
\pgf@xx=\dimen198
\pgf@xy=\dimen199
\pgf@yx=\dimen256
\pgf@yy=\dimen257
\pgf@zx=\dimen258
\pgf@zy=\dimen259
)
(/Users/cia/Library/Application Support/MiKTeX/texmfs/install/tex/generic/pgf/b
asiclayer/pgfcorepathconstruct.code.tex
File: pgfcorepathconstruct.code.tex 2023-01-15 v3.1.10 (3.1.10)
\pgf@path@lastx=\dimen260
\pgf@path@lasty=\dimen261
)
(/Users/cia/Library/Application Support/MiKTeX/texmfs/install/tex/generic/pgf/b
asiclayer/pgfcorepathusage.code.tex
File: pgfcorepathusage.code.tex 2023-01-15 v3.1.10 (3.1.10)
\pgf@shorten@end@additional=\dimen262
\pgf@shorten@start@additional=\dimen263
)
(/Users/cia/Library/Application Support/MiKTeX/texmfs/install/tex/generic/pgf/b
asiclayer/pgfcorescopes.code.tex
File: pgfcorescopes.code.tex 2023-01-15 v3.1.10 (3.1.10)
\pgfpic=\box57
\pgf@hbox=\box58
\pgf@layerbox@main=\box59
\pgf@picture@serial@count=\count280
)
(/Users/cia/Library/Application Support/MiKTeX/texmfs/install/tex/generic/pgf/b
asiclayer/pgfcoregraphicstate.code.tex
File: pgfcoregraphicstate.code.tex 2023-01-15 v3.1.10 (3.1.10)
\pgflinewidth=\dimen264
)
(/Users/cia/Library/Application Support/MiKTeX/texmfs/install/tex/generic/pgf/b
asiclayer/pgfcoretransformations.code.tex
File: pgfcoretransformations.code.tex 2023-01-15 v3.1.10 (3.1.10)
\pgf@pt@x=\dimen265
\pgf@pt@y=\dimen266
\pgf@pt@temp=\dimen267
)
(/Users/cia/Library/Application Support/MiKTeX/texmfs/install/tex/generic/pgf/b
asiclayer/pgfcorequick.code.tex
File: pgfcorequick.code.tex 2023-01-15 v3.1.10 (3.1.10)
)
(/Users/cia/Library/Application Support/MiKTeX/texmfs/install/tex/generic/pgf/b
asiclayer/pgfcoreobjects.code.tex
File: pgfcoreobjects.code.tex 2023-01-15 v3.1.10 (3.1.10)
)
(/Users/cia/Library/Application Support/MiKTeX/texmfs/install/tex/generic/pgf/b
asiclayer/pgfcorepathprocessing.code.tex
File: pgfcorepathprocessing.code.tex 2023-01-15 v3.1.10 (3.1.10)
)
(/Users/cia/Library/Application Support/MiKTeX/texmfs/install/tex/generic/pgf/b
asiclayer/pgfcorearrows.code.tex
File: pgfcorearrows.code.tex 2023-01-15 v3.1.10 (3.1.10)
\pgfarrowsep=\dimen268
)
(/Users/cia/Library/Application Support/MiKTeX/texmfs/install/tex/generic/pgf/b
asiclayer/pgfcoreshade.code.tex
File: pgfcoreshade.code.tex 2023-01-15 v3.1.10 (3.1.10)
\pgf@max=\dimen269
\pgf@sys@shading@range@num=\count281
\pgf@shadingcount=\count282
)
(/Users/cia/Library/Application Support/MiKTeX/texmfs/install/tex/generic/pgf/b
asiclayer/pgfcoreimage.code.tex
File: pgfcoreimage.code.tex 2023-01-15 v3.1.10 (3.1.10)
)
(/Users/cia/Library/Application Support/MiKTeX/texmfs/install/tex/generic/pgf/b
asiclayer/pgfcoreexternal.code.tex
File: pgfcoreexternal.code.tex 2023-01-15 v3.1.10 (3.1.10)
\pgfexternal@startupbox=\box60
)
(/Users/cia/Library/Application Support/MiKTeX/texmfs/install/tex/generic/pgf/b
asiclayer/pgfcorelayers.code.tex
File: pgfcorelayers.code.tex 2023-01-15 v3.1.10 (3.1.10)
)
(/Users/cia/Library/Application Support/MiKTeX/texmfs/install/tex/generic/pgf/b
asiclayer/pgfcoretransparency.code.tex
File: pgfcoretransparency.code.tex 2023-01-15 v3.1.10 (3.1.10)
)
(/Users/cia/Library/Application Support/MiKTeX/texmfs/install/tex/generic/pgf/b
asiclayer/pgfcorepatterns.code.tex
File: pgfcorepatterns.code.tex 2023-01-15 v3.1.10 (3.1.10)
)
(/Users/cia/Library/Application Support/MiKTeX/texmfs/install/tex/generic/pgf/b
asiclayer/pgfcorerdf.code.tex
File: pgfcorerdf.code.tex 2023-01-15 v3.1.10 (3.1.10)
)))
(/Users/cia/Library/Application Support/MiKTeX/texmfs/install/tex/generic/pgf/m
odules/pgfmoduleshapes.code.tex
File: pgfmoduleshapes.code.tex 2023-01-15 v3.1.10 (3.1.10)
\pgfnodeparttextbox=\box61
)
(/Users/cia/Library/Application Support/MiKTeX/texmfs/install/tex/generic/pgf/m
odules/pgfmoduleplot.code.tex
File: pgfmoduleplot.code.tex 2023-01-15 v3.1.10 (3.1.10)
)
(/Users/cia/Library/Application Support/MiKTeX/texmfs/install/tex/latex/pgf/com
patibility/pgfcomp-version-0-65.sty
Package: pgfcomp-version-0-65 2023-01-15 v3.1.10 (3.1.10)
\pgf@nodesepstart=\dimen270
\pgf@nodesepend=\dimen271
)
(/Users/cia/Library/Application Support/MiKTeX/texmfs/install/tex/latex/pgf/com
patibility/pgfcomp-version-1-18.sty
Package: pgfcomp-version-1-18 2023-01-15 v3.1.10 (3.1.10)
))
(/Users/cia/Library/Application Support/MiKTeX/texmfs/install/tex/latex/pgf/uti
lities/pgffor.sty
(/Users/cia/Library/Application Support/MiKTeX/texmfs/install/tex/latex/pgf/uti
lities/pgfkeys.sty
(/Users/cia/Library/Application Support/MiKTeX/texmfs/install/tex/generic/pgf/u
tilities/pgfkeys.code.tex))
(/Users/cia/Library/Application Support/MiKTeX/texmfs/install/tex/latex/pgf/mat
h/pgfmath.sty
(/Users/cia/Library/Application Support/MiKTeX/texmfs/install/tex/generic/pgf/m
ath/pgfmath.code.tex))
(/Users/cia/Library/Application Support/MiKTeX/texmfs/install/tex/generic/pgf/u
tilities/pgffor.code.tex
Package: pgffor 2023-01-15 v3.1.10 (3.1.10)
\pgffor@iter=\dimen272
\pgffor@skip=\dimen273
\pgffor@stack=\toks41
\pgffor@toks=\toks42
))
(/Users/cia/Library/Application Support/MiKTeX/texmfs/install/tex/generic/pgf/f
rontendlayer/tikz/tikz.code.tex
Package: tikz 2023-01-15 v3.1.10 (3.1.10)

(/Users/cia/Library/Application Support/MiKTeX/texmfs/install/tex/generic/pgf/l
ibraries/pgflibraryplothandlers.code.tex
File: pgflibraryplothandlers.code.tex 2023-01-15 v3.1.10 (3.1.10)
\pgf@plot@mark@count=\count283
\pgfplotmarksize=\dimen274
)
\tikz@lastx=\dimen275
\tikz@lasty=\dimen276
\tikz@lastxsaved=\dimen277
\tikz@lastysaved=\dimen278
\tikz@lastmovetox=\dimen279
\tikz@lastmovetoy=\dimen280
\tikzleveldistance=\dimen281
\tikzsiblingdistance=\dimen282
\tikz@figbox=\box62
\tikz@figbox@bg=\box63
\tikz@tempbox=\box64
\tikz@tempbox@bg=\box65
\tikztreelevel=\count284
\tikznumberofchildren=\count285
\tikznumberofcurrentchild=\count286
\tikz@fig@count=\count287

(/Users/cia/Library/Application Support/MiKTeX/texmfs/install/tex/generic/pgf/m
odules/pgfmodulematrix.code.tex
File: pgfmodulematrix.code.tex 2023-01-15 v3.1.10 (3.1.10)
\pgfmatrixcurrentrow=\count288
\pgfmatrixcurrentcolumn=\count289
\pgf@matrix@numberofcolumns=\count290
)
\tikz@expandcount=\count291

(/Users/cia/Library/Application Support/MiKTeX/texmfs/install/tex/generic/pgf/f
rontendlayer/tikz/libraries/tikzlibrarytopaths.code.tex
File: tikzlibrarytopaths.code.tex 2023-01-15 v3.1.10 (3.1.10)
)))
(/Users/cia/Library/Application Support/MiKTeX/texmfs/install/tex/latex/hyperre
f/hyperref.sty
Package: hyperref 2024-01-20 v7.01h Hypertext links for LaTeX

(/Users/cia/Library/Application Support/MiKTeX/texmfs/install/tex/latex/kvsetke
ys/kvsetkeys.sty
Package: kvsetkeys 2022-10-05 v1.19 Key value parser (HO)
)
(/Users/cia/Library/Application Support/MiKTeX/texmfs/install/tex/generic/kvdef
inekeys/kvdefinekeys.sty
Package: kvdefinekeys 2019-12-19 v1.6 Define keys (HO)
)
(/Users/cia/Library/Application Support/MiKTeX/texmfs/install/tex/generic/pdfes
cape/pdfescape.sty
Package: pdfescape 2019/12/09 v1.15 Implements pdfTeX's escape features (HO)

(/Users/cia/Library/Application Support/MiKTeX/texmfs/install/tex/generic/ltxcm
ds/ltxcmds.sty
Package: ltxcmds 2023-12-04 v1.26 LaTeX kernel commands for general use (HO)
)
(/Users/cia/Library/Application Support/MiKTeX/texmfs/install/tex/generic/pdfte
xcmds/pdftexcmds.sty
Package: pdftexcmds 2020-06-27 v0.33 Utility functions of pdfTeX for LuaTeX (HO
)

(/Users/cia/Library/Application Support/MiKTeX/texmfs/install/tex/generic/infwa
rerr/infwarerr.sty
Package: infwarerr 2019/12/03 v1.5 Providing info/warning/error messages (HO)
)
Package pdftexcmds Info: \pdf@primitive is available.
Package pdftexcmds Info: \pdf@ifprimitive is available.
Package pdftexcmds Info: \pdfdraftmode found.
))
(/Users/cia/Library/Application Support/MiKTeX/texmfs/install/tex/latex/hycolor
/hycolor.sty
Package: hycolor 2020-01-27 v1.10 Color options for hyperref/bookmark (HO)
)
(/Users/cia/Library/Application Support/MiKTeX/texmfs/install/tex/latex/auxhook
/auxhook.sty
Package: auxhook 2019-12-17 v1.6 Hooks for auxiliary files (HO)
)
(/Users/cia/Library/Application Support/MiKTeX/texmfs/install/tex/latex/hyperre
f/nameref.sty
Package: nameref 2023-11-26 v2.56 Cross-referencing by name of section

(/Users/cia/Library/Application Support/MiKTeX/texmfs/install/tex/latex/refcoun
t/refcount.sty
Package: refcount 2019/12/15 v3.6 Data extraction from label references (HO)
)
(/Users/cia/Library/Application Support/MiKTeX/texmfs/install/tex/generic/getti
tlestring/gettitlestring.sty
Package: gettitlestring 2019/12/15 v1.6 Cleanup title references (HO)

(/Users/cia/Library/Application Support/MiKTeX/texmfs/install/tex/latex/kvoptio
ns/kvoptions.sty
Package: kvoptions 2022-06-15 v3.15 Key value format for package options (HO)
))
\c@section@level=\count292
)
(/Users/cia/Library/Application Support/MiKTeX/texmfs/install/tex/latex/etoolbo
x/etoolbox.sty
Package: etoolbox 2020/10/05 v2.5k e-TeX tools for LaTeX (JAW)
\etb@tempcnta=\count293
)
\@linkdim=\dimen283
\Hy@linkcounter=\count294
\Hy@pagecounter=\count295

(/Users/cia/Library/Application Support/MiKTeX/texmfs/install/tex/latex/hyperre
f/pd1enc.def
File: pd1enc.def 2024-01-20 v7.01h Hyperref: PDFDocEncoding definition (HO)
Now handling font encoding PD1 ...
... no UTF-8 mapping file for font encoding PD1
)
(/Users/cia/Library/Application Support/MiKTeX/texmfs/install/tex/generic/intca
lc/intcalc.sty
Package: intcalc 2019/12/15 v1.3 Expandable calculations with integers (HO)
)
\Hy@SavedSpaceFactor=\count296

(/Users/cia/Library/Application Support/MiKTeX/texmfs/install/tex/latex/hyperre
f/puenc.def
File: puenc.def 2024-01-20 v7.01h Hyperref: PDF Unicode definition (HO)
Now handling font encoding PU ...
... no UTF-8 mapping file for font encoding PU
)
Package hyperref Info: Hyper figures OFF on input line 4179.
Package hyperref Info: Link nesting OFF on input line 4184.
Package hyperref Info: Hyper index ON on input line 4187.
Package hyperref Info: Plain pages OFF on input line 4194.
Package hyperref Info: Backreferencing OFF on input line 4199.
Package hyperref Info: Implicit mode ON; LaTeX internals redefined.
Package hyperref Info: Bookmarks ON on input line 4446.
\c@Hy@tempcnt=\count297

(/Users/cia/Library/Application Support/MiKTeX/texmfs/install/tex/latex/url/url
.sty
\Urlmuskip=\muskip16
Package: url 2013/09/16  ver 3.4  Verb mode for urls, etc.
)
LaTeX Info: Redefining \url on input line 4784.
\XeTeXLinkMargin=\dimen284

(/Users/cia/Library/Application Support/MiKTeX/texmfs/install/tex/generic/bitse
t/bitset.sty
Package: bitset 2019/12/09 v1.3 Handle bit-vector datatype (HO)

(/Users/cia/Library/Application Support/MiKTeX/texmfs/install/tex/generic/bigin
tcalc/bigintcalc.sty
Package: bigintcalc 2019/12/15 v1.5 Expandable calculations on big integers (HO
)
))
\Fld@menulength=\count298
\Field@Width=\dimen285
\Fld@charsize=\dimen286
Package hyperref Info: Hyper figures OFF on input line 6063.
Package hyperref Info: Link nesting OFF on input line 6068.
Package hyperref Info: Hyper index ON on input line 6071.
Package hyperref Info: backreferencing OFF on input line 6078.
Package hyperref Info: Link coloring OFF on input line 6083.
Package hyperref Info: Link coloring with OCG OFF on input line 6088.
Package hyperref Info: PDF/A mode OFF on input line 6093.

(/Users/cia/Library/Application Support/MiKTeX/texmfs/install/tex/latex/base/at
begshi-ltx.sty
Package: atbegshi-ltx 2021/01/10 v1.0c Emulation of the original atbegshi
package with kernel methods
)
\Hy@abspage=\count299
\c@Item=\count300
\c@Hfootnote=\count301
)
Package hyperref Info: Driver (autodetected): hpdftex.

(/Users/cia/Library/Application Support/MiKTeX/texmfs/install/tex/latex/hyperre
f/hpdftex.def
File: hpdftex.def 2024-01-20 v7.01h Hyperref driver for pdfTeX

(/Users/cia/Library/Application Support/MiKTeX/texmfs/install/tex/latex/base/at
veryend-ltx.sty
Package: atveryend-ltx 2020/08/19 v1.0a Emulation of the original atveryend pac
kage
with kernel methods
)
\Fld@listcount=\count302
\c@bookmark@seq@number=\count303

(/Users/cia/Library/Application Support/MiKTeX/texmfs/install/tex/latex/rerunfi
lecheck/rerunfilecheck.sty
Package: rerunfilecheck 2022-07-10 v1.10 Rerun checks for auxiliary files (HO)

(/Users/cia/Library/Application Support/MiKTeX/texmfs/install/tex/generic/uniqu
ecounter/uniquecounter.sty
Package: uniquecounter 2019/12/15 v1.4 Provide unlimited unique counter (HO)
)
Package uniquecounter Info: New unique counter `rerunfilecheck' on input line 2
85.
)
\Hy@SectionHShift=\skip53
)
(/Users/cia/Library/Application Support/MiKTeX/texmfs/install/tex/latex/amsmath
/amsmath.sty
Package: amsmath 2023/05/13 v2.17o AMS math features
\@mathmargin=\skip54

For additional information on amsmath, use the `?' option.

(/Users/cia/Library/Application Support/MiKTeX/texmfs/install/tex/latex/amsmath
/amstext.sty
Package: amstext 2021/08/26 v2.01 AMS text

(/Users/cia/Library/Application Support/MiKTeX/texmfs/install/tex/latex/amsmath
/amsgen.sty
File: amsgen.sty 1999/11/30 v2.0 generic functions
\@emptytoks=\toks43
\ex@=\dimen287
))
(/Users/cia/Library/Application Support/MiKTeX/texmfs/install/tex/latex/amsmath
/amsbsy.sty
Package: amsbsy 1999/11/29 v1.2d Bold Symbols
\pmbraise@=\dimen288
)
(/Users/cia/Library/Application Support/MiKTeX/texmfs/install/tex/latex/amsmath
/amsopn.sty
Package: amsopn 2022/04/08 v2.04 operator names
)
\inf@bad=\count304
LaTeX Info: Redefining \frac on input line 234.
\uproot@=\count305
\leftroot@=\count306
LaTeX Info: Redefining \overline on input line 399.
LaTeX Info: Redefining \colon on input line 410.
\classnum@=\count307
\DOTSCASE@=\count308
LaTeX Info: Redefining \ldots on input line 496.
LaTeX Info: Redefining \dots on input line 499.
LaTeX Info: Redefining \cdots on input line 620.
\Mathstrutbox@=\box66
\strutbox@=\box67
LaTeX Info: Redefining \big on input line 722.
LaTeX Info: Redefining \Big on input line 723.
LaTeX Info: Redefining \bigg on input line 724.
LaTeX Info: Redefining \Bigg on input line 725.
\big@size=\dimen289
LaTeX Font Info:    Redeclaring font encoding OML on input line 743.
LaTeX Font Info:    Redeclaring font encoding OMS on input line 744.
\macc@depth=\count309
LaTeX Info: Redefining \bmod on input line 905.
LaTeX Info: Redefining \pmod on input line 910.
LaTeX Info: Redefining \smash on input line 940.
LaTeX Info: Redefining \relbar on input line 970.
LaTeX Info: Redefining \Relbar on input line 971.
\c@MaxMatrixCols=\count310
\dotsspace@=\muskip17
\c@parentequation=\count311
\dspbrk@lvl=\count312
\tag@help=\toks44
\row@=\count313
\column@=\count314
\maxfields@=\count315
\andhelp@=\toks45
\eqnshift@=\dimen290
\alignsep@=\dimen291
\tagshift@=\dimen292
\tagwidth@=\dimen293
\totwidth@=\dimen294
\lineht@=\dimen295
\@envbody=\toks46
\multlinegap=\skip55
\multlinetaggap=\skip56
\mathdisplay@stack=\toks47
LaTeX Info: Redefining \[ on input line 2953.
LaTeX Info: Redefining \] on input line 2954.
)
(/Users/cia/Library/Application Support/MiKTeX/texmfs/install/tex/latex/amsfont
s/amsfonts.sty
Package: amsfonts 2013/01/14 v3.01 Basic AMSFonts support
\symAMSa=\mathgroup4
\symAMSb=\mathgroup5
LaTeX Font Info:    Redeclaring math symbol \hbar on input line 98.
LaTeX Font Info:    Overwriting math alphabet `\mathfrak' in version `bold'
(Font)                  U/euf/m/n --> U/euf/b/n on input line 106.
)
(/Users/cia/Library/Application Support/MiKTeX/texmfs/install/tex/latex/gensymb
/gensymb.sty
Package: gensymb 2022/10/17 v1.0.2 (KJH)
)
(/Users/cia/Library/Application Support/MiKTeX/texmfs/install/tex/generic/mathd
ots/mathdots.sty
Package: mathdots 2014/06/11 v0.9 Improve and add various macros for dots in ma
th.
\MDo@unit=\dimen296
\MDo@dotsbox=\box68
\MDoprekern=\muskip18
\MDopostkern=\muskip19
\MDodotkern=\muskip20
)
(/Users/cia/Library/Application Support/MiKTeX/texmfs/install/tex/latex/geometr
y/geometry.sty
Package: geometry 2020/01/02 v5.9 Page Geometry

(/Users/cia/Library/Application Support/MiKTeX/texmfs/install/tex/generic/iftex
/ifvtex.sty
Package: ifvtex 2019/10/25 v1.7 ifvtex legacy package. Use iftex instead.
)
\Gm@cnth=\count316
\Gm@cntv=\count317
\c@Gm@tempcnt=\count318
\Gm@bindingoffset=\dimen297
\Gm@wd@mp=\dimen298
\Gm@odd@mp=\dimen299
\Gm@even@mp=\dimen300
\Gm@layoutwidth=\dimen301
\Gm@layoutheight=\dimen302
\Gm@layouthoffset=\dimen303
\Gm@layoutvoffset=\dimen304
\Gm@dimlist=\toks48

(/Users/cia/Library/Application Support/MiKTeX/texmfs/install/tex/latex/geometr
y/geometry.cfg))
(/Users/cia/Library/Application Support/MiKTeX/texmfs/install/tex/latex/amsfont
s/amssymb.sty
Package: amssymb 2013/01/14 v3.01 AMS font symbols
)
(/Users/cia/Library/Application Support/MiKTeX/texmfs/install/tex/latex/tensor/
tensor.sty
Package: tensor 2023/07/18 v2.2 tensor indices package (PGR)
\tnsr@Sps=\toks49
\tnsr@Sbs=\toks50
\tnsr@Spe=\toks51
\tnsr@Sbe=\toks52
\ncld@Mno=\toks53
)
(/Users/cia/Library/Application Support/MiKTeX/texmfs/install/tex/latex/enumite
m/enumitem.sty
Package: enumitem 2019/06/20 v3.9 Customized lists
\labelindent=\skip57
\enit@outerparindent=\dimen305
\enit@toks=\toks54
\enit@inbox=\box69
\enit@count@id=\count319
\enitdp@description=\count320
)
(/Users/cia/Library/Application Support/MiKTeX/texmfs/install/tex/latex/wasysym
/wasysym.sty
Package: wasysym 2020/01/19 v2.4 Wasy-2 symbol support package
\symwasy=\mathgroup6
LaTeX Font Info:    Overwriting symbol font `wasy' in version `bold'
(Font)                  U/wasy/m/n --> U/wasy/b/n on input line 93.
)
(/Users/cia/Library/Application Support/MiKTeX/texmfs/install/tex/latex/base/ma
keidx.sty
Package: makeidx 2021/10/04 v1.0m Standard LaTeX package
)
(/Users/cia/Library/Application Support/MiKTeX/texmfs/install/tex/latex/stmaryr
d/stmaryrd.sty
Package: stmaryrd 1994/03/03 St Mary's Road symbol package
\symstmry=\mathgroup7
LaTeX Font Info:    Overwriting symbol font `stmry' in version `bold'
(Font)                  U/stmry/m/n --> U/stmry/b/n on input line 89.
)
(/Users/cia/Library/Application Support/MiKTeX/texmfs/install/tex/latex/base/in
putenc.sty
Package: inputenc 2021/02/14 v1.3d Input encoding file
\inpenc@prehook=\toks55
\inpenc@posthook=\toks56
)
(/Users/cia/Library/Application Support/MiKTeX/texmfs/install/tex/latex/base/fo
ntenc.sty
Package: fontenc 2021/04/29 v2.0v Standard LaTeX package
)
(/Users/cia/Library/Application Support/MiKTeX/texmfs/install/tex/generic/babel
/babel.sty
Package: babel 2024/02/07 v24.2 The Babel package
\babel@savecnt=\count321
\U@D=\dimen306
\l@unhyphenated=\language2

(/Users/cia/Library/Application Support/MiKTeX/texmfs/install/tex/generic/babel
/txtbabel.def)
\bbl@readstream=\read4
\bbl@dirlevel=\count322

*************************************
* Local config file bblopts.cfg used
*

(/Users/cia/Library/Application Support/MiKTeX/texmfs/install/tex/latex/arabi/b
blopts.cfg
File: bblopts.cfg 2005/09/08 v0.1 add Arabic and Farsi to "declared" options of
 babel
)
(/Users/cia/Library/Application Support/MiKTeX/texmfs/install/tex/latex/babel-e
nglish/english.ldf
Language: english 2017/06/06 v3.3r English support from the babel system
Package babel Info: Hyphen rules for 'british' set to \l@english
(babel)             (\language0). Reported on input line 82.
Package babel Info: Hyphen rules for 'UKenglish' set to \l@english
(babel)             (\language0). Reported on input line 83.
Package babel Info: Hyphen rules for 'canadian' set to \l@english
(babel)             (\language0). Reported on input line 102.
Package babel Info: Hyphen rules for 'australian' set to \l@english
(babel)             (\language0). Reported on input line 105.
Package babel Info: Hyphen rules for 'newzealand' set to \l@english
(babel)             (\language0). Reported on input line 108.
))
(/Users/cia/Library/Application Support/MiKTeX/texmfs/install/tex/generic/babel
/locale/en/babel-english.tex
Package babel Info: Importing font and identification data for english
(babel)             from babel-en.ini. Reported on input line 11.
)
(/Users/cia/Library/Application Support/MiKTeX/texmfs/install/tex/latex/tikz-cd
/tikzlibrarycd.code.tex
(/Users/cia/Library/Application Support/MiKTeX/texmfs/install/tex/generic/pgf/f
rontendlayer/tikz/libraries/tikzlibrarymatrix.code.tex
File: tikzlibrarymatrix.code.tex 2023-01-15 v3.1.10 (3.1.10)
)
(/Users/cia/Library/Application Support/MiKTeX/texmfs/install/tex/generic/pgf/f
rontendlayer/tikz/libraries/tikzlibraryquotes.code.tex
File: tikzlibraryquotes.code.tex 2023-01-15 v3.1.10 (3.1.10)
)
(/Users/cia/Library/Application Support/MiKTeX/texmfs/install/tex/generic/pgf/l
ibraries/pgflibraryarrows.meta.code.tex
File: pgflibraryarrows.meta.code.tex 2023-01-15 v3.1.10 (3.1.10)
\pgfarrowinset=\dimen307
\pgfarrowlength=\dimen308
\pgfarrowwidth=\dimen309
\pgfarrowlinewidth=\dimen310
))
(/Users/cia/Library/Application Support/MiKTeX/texmfs/install/tex/generic/pgf/f
rontendlayer/tikz/libraries/tikzlibraryarrows.code.tex
File: tikzlibraryarrows.code.tex 2023-01-15 v3.1.10 (3.1.10)

(/Users/cia/Library/Application Support/MiKTeX/texmfs/install/tex/generic/pgf/l
ibraries/pgflibraryarrows.code.tex
File: pgflibraryarrows.code.tex 2023-01-15 v3.1.10 (3.1.10)
\arrowsize=\dimen311
))
\c@definition=\count323

(/Users/cia/Library/Application Support/MiKTeX/texmfs/install/tex/latex/l3backe
nd/l3backend-pdftex.def
File: l3backend-pdftex.def 2024-01-04 L3 backend support: PDF output (pdfTeX)
\l__color_backend_stack_int=\count324
\l__pdf_internal_box=\box70
) (Summary Resume Resumen these .aux)
\openout1 = `"Summary Resume Resumen these .aux"'.

LaTeX Font Info:    Checking defaults for OML/cmm/m/it on input line 92.
LaTeX Font Info:    ... okay on input line 92.
LaTeX Font Info:    Checking defaults for OMS/cmsy/m/n on input line 92.
LaTeX Font Info:    ... okay on input line 92.
LaTeX Font Info:    Checking defaults for OT1/cmr/m/n on input line 92.
LaTeX Font Info:    ... okay on input line 92.
LaTeX Font Info:    Checking defaults for T1/cmr/m/n on input line 92.
LaTeX Font Info:    ... okay on input line 92.
LaTeX Font Info:    Checking defaults for TS1/cmr/m/n on input line 92.
LaTeX Font Info:    ... okay on input line 92.
LaTeX Font Info:    Checking defaults for OMX/cmex/m/n on input line 92.
LaTeX Font Info:    ... okay on input line 92.
LaTeX Font Info:    Checking defaults for U/cmr/m/n on input line 92.
LaTeX Font Info:    ... okay on input line 92.
LaTeX Font Info:    Checking defaults for PD1/pdf/m/n on input line 92.
LaTeX Font Info:    ... okay on input line 92.
LaTeX Font Info:    Checking defaults for PU/pdf/m/n on input line 92.
LaTeX Font Info:    ... okay on input line 92.
LaTeX Font Info:    Trying to load font information for U+msa on input line 92.


(/Users/cia/Library/Application Support/MiKTeX/texmfs/install/tex/latex/amsfont
s/umsa.fd
File: umsa.fd 2013/01/14 v3.01 AMS symbols A
)
LaTeX Font Info:    Trying to load font information for U+msb on input line 92.


(/Users/cia/Library/Application Support/MiKTeX/texmfs/install/tex/latex/amsfont
s/umsb.fd
File: umsb.fd 2013/01/14 v3.01 AMS symbols B
)
LaTeX Font Info:    Trying to load font information for U+wasy on input line 92
.

(/Users/cia/Library/Application Support/MiKTeX/texmfs/install/tex/latex/wasysym
/uwasy.fd
File: uwasy.fd 2020/01/19 v2.4 Wasy-2 symbol font definitions
)
LaTeX Font Info:    Trying to load font information for U+stmry on input line 9
2.

(/Users/cia/Library/Application Support/MiKTeX/texmfs/install/tex/latex/stmaryr
d/Ustmry.fd)
Package xypdf Info: Line width: 0.47998pt on input line 92.

(/Users/cia/Library/Application Support/MiKTeX/texmfs/install/tex/context/base/
mkii/supp-pdf.mkii
[Loading MPS to PDF converter (version 2006.09.02).]
\scratchcounter=\count325
\scratchdimen=\dimen312
\scratchbox=\box71
\nofMPsegments=\count326
\nofMParguments=\count327
\everyMPshowfont=\toks57
\MPscratchCnt=\count328
\MPscratchDim=\dimen313
\MPnumerator=\count329
\makeMPintoPDFobject=\count330
\everyMPtoPDFconversion=\toks58
)
(/Users/cia/Library/Application Support/MiKTeX/texmfs/install/tex/latex/epstopd
f-pkg/epstopdf-base.sty
Package: epstopdf-base 2020-01-24 v2.11 Base part for package epstopdf

(/Users/cia/Library/Application Support/MiKTeX/texmfs/install/tex/latex/grfext/
grfext.sty
Package: grfext 2019/12/03 v1.3 Manage graphics extensions (HO)
)
Package epstopdf-base Info: Redefining graphics rule for `.eps' on input line 4
85.
Package grfext Info: Graphics extension search list:
(grfext)             [.pdf,.png,.jpg,.mps,.jpeg,.jbig2,.jb2,.PDF,.PNG,.JPG,.JPE
G,.JBIG2,.JB2,.eps]
(grfext)             \AppendGraphicsExtensions on input line 504.

(/Users/cia/Library/Application Support/MiKTeX/texmfs/install/tex/latex/00mikte
x/epstopdf-sys.cfg
File: epstopdf-sys.cfg 2021/03/18 v2.0 Configuration of epstopdf for MiKTeX
))
Package hyperref Info: Link coloring OFF on input line 92.
 (Summary Resume Resumen these .out)
(Summary Resume Resumen these .out)
\@outlinefile=\write5
\openout5 = `"Summary Resume Resumen these .out"'.

LaTeX Info: Redefining \celsius on input line 92.
Package gensymb Info: Faking symbols for \degree and \celsius on input line 92.



Package gensymb Warning: Not defining \perthousand.

LaTeX Info: Redefining \ohm on input line 92.
Package gensymb Info: Using \Omega for \ohm on input line 92.

Package gensymb Warning: Not defining \micro.

*geometry* driver: auto-detecting
*geometry* detected driver: pdftex
*geometry* verbose mode - [ preamble ] result:
* driver: pdftex
* paper: a4paper
* layout: <same size as paper>
* layoutoffset:(h,v)=(0.0pt,0.0pt)
* modes: twoside 
* h-part:(L,W,R)=(71.70166pt, 418.25368pt, 107.55254pt)
* v-part:(T,H,B)=(101.40665pt, 591.5302pt, 152.11pt)
* \paperwidth=597.50787pt
* \paperheight=845.04684pt
* \textwidth=418.25368pt
* \textheight=591.5302pt
* \oddsidemargin=-0.56833pt
* \evensidemargin=35.28255pt
* \topmargin=-7.86334pt
* \headheight=12.0pt
* \headsep=25.0pt
* \topskip=12.0pt
* \footskip=30.0pt
* \marginparwidth=85.0pt
* \marginparsep=10.0pt
* \columnsep=10.0pt
* \skip\footins=10.8pt plus 4.0pt minus 2.0pt
* \hoffset=0.0pt
* \voffset=0.0pt
* \mag=1000
* \@twocolumnfalse
* \@twosidetrue
* \@mparswitchtrue
* \@reversemarginfalse
* (1in=72.27pt=25.4mm, 1cm=28.453pt)

[1

{/Users/cia/Library/Application Support/MiKTeX/texmfs/data/fonts/map/pdftex/pdf
tex.map}] (Summary Resume Resumen these .bbl) [2]
(Summary Resume Resumen these .aux)
 ***********
LaTeX2e <2023-11-01> patch level 1
L3 programming layer <2024-01-22>
 ***********
Package rerunfilecheck Info: File `"Summary Resume Resumen these ".out' has not
 changed.
(rerunfilecheck)             Checksum: D41D8CD98F00B204E9800998ECF8427E;0.
 ) 
Here is how much of TeX's memory you used:
 27015 strings out of 476451
 504162 string characters out of 5793681
 1933975 words of memory out of 5000000
 48502 multiletter control sequences out of 15000+600000
 574610 words of font info for 93 fonts, out of 8000000 for 9000
 14 hyphenation exceptions out of 8191
 102i,9n,107p,3263b,456s stack positions out of 10000i,1000n,20000p,200000b,200000s
 </Users/cia/Library/Application Support/MiKTeX/texmfs/data/fonts/pk/ljfour/j
knappen/ec/dpi600/ecti1200.pk> </Users/cia/Library/Application Support/MiKTeX/t
exmfs/data/fonts/pk/ljfour/jknappen/ec/dpi600/ecbx1728.pk> </Users/cia/Library/
Application Support/MiKTeX/texmfs/data/fonts/pk/ljfour/jknappen/ec/dpi600/ecbx1
200.pk> </Users/cia/Library/Application Support/MiKTeX/texmfs/data/fonts/pk/ljf
our/jknappen/ec/dpi600/ecrm1200.pk> </Users/cia/Library/Application Support/MiK
TeX/texmfs/data/fonts/pk/ljfour/jknappen/ec/dpi600/ecrm1440.pk> </Users/cia/Lib
rary/Application Support/MiKTeX/texmfs/data/fonts/pk/ljfour/jknappen/ec/dpi600/
ecrm2074.pk></Users/cia/Library/Application Support/MiKTeX/texmfs/install/fonts
/type1/public/amsfonts/cm/cmmi12.pfb></Users/cia/Library/Application Support/Mi
KTeX/texmfs/install/fonts/type1/public/amsfonts/cm/cmmi8.pfb></Users/cia/Librar
y/Application Support/MiKTeX/texmfs/install/fonts/type1/public/amsfonts/cm/cmr1
2.pfb></Users/cia/Library/Application Support/MiKTeX/texmfs/install/fonts/type1
/public/amsfonts/cm/cmr8.pfb></Users/cia/Library/Application Support/MiKTeX/tex
mfs/install/fonts/type1/public/amsfonts/cm/cmsy10.pfb>
Output written on "Summary Resume Resumen these .pdf" (2 pages, 108094 bytes).
PDF statistics:
 228 PDF objects out of 1000 (max. 8388607)
 7 named destinations out of 1000 (max. 500000)
 13 words of extra memory for PDF output out of 10000 (max. 10000000)

